<?xml version="1.0" encoding="UTF-8"?>
<!-- Generated by org.testng.reporters.JUnitReportReporter -->
<testsuite hostname="DESKTOP-3IHEH70" failures="0" tests="3" name="rahulshettyacademy.tests.SubmitOrderTest" time="16.709" errors="0" timestamp="11 oct 2024 19:07:16 GMT" skipped="0">
  <testcase classname="rahulshettyacademy.tests.SubmitOrderTest" name="submitOrder" time="5.993"/>
  <testcase classname="rahulshettyacademy.tests.SubmitOrderTest" name="OrderHistoryTest" time="4.591"/>
  <testcase classname="rahulshettyacademy.tests.SubmitOrderTest" name="submitOrder" time="6.125"/>
</testsuite> <!-- rahulshettyacademy.tests.SubmitOrderTest -->
