<?xml version="1.0" encoding="UTF-8"?>
<!-- Generated by org.testng.reporters.JUnitReportReporter -->
<testsuite hostname="DESKTOP-3IHEH70" failures="0" tests="1" name="cucumber.TestNGTestRunner" time="8.388" errors="0" timestamp="13 oct 2024 15:29:46 GMT" skipped="0">
  <testcase classname="cucumber.TestNGTestRunner" name="runScenario" time="8.388"/>
</testsuite> <!-- cucumber.TestNGTestRunner -->
