<?xml version="1.0" encoding="UTF-8"?>
<!-- Generated by org.testng.reporters.JUnitReportReporter -->
<testsuite hostname="DESKTOP-3IHEH70" failures="0" tests="3" name="rahulshettyacademy.tests.SubmitOrderTest" time="17.347" errors="0" timestamp="13 oct 2024 14:20:23 GMT" skipped="0">
  <testcase classname="rahulshettyacademy.tests.SubmitOrderTest" name="submitOrder" time="6.776"/>
  <testcase classname="rahulshettyacademy.tests.SubmitOrderTest" name="submitOrder" time="6.321"/>
  <testcase classname="rahulshettyacademy.tests.SubmitOrderTest" name="OrderHistoryTest" time="4.250"/>
</testsuite> <!-- rahulshettyacademy.tests.SubmitOrderTest -->
