<?xml version="1.0" encoding="UTF-8"?>
<!-- Generated by org.testng.reporters.JUnitReportReporter -->
<testsuite hostname="DESKTOP-3IHEH70" failures="0" tests="2" name="rahulshettyacademy.tests.ErrorValidationsTest" time="11.501" errors="0" timestamp="13 oct 2024 14:20:23 GMT" skipped="0">
  <testcase classname="rahulshettyacademy.tests.ErrorValidationsTest" name="LoginErrorValidation" time="5.754"/>
  <testcase classname="rahulshettyacademy.tests.ErrorValidationsTest" name="ProductErrorValidation" time="5.747"/>
</testsuite> <!-- rahulshettyacademy.tests.ErrorValidationsTest -->
